/*C12*/SET SCHEMA PUBLIC
CREATE TABLE account(accountID INT IDENTITY PRIMARY KEY, \u000d\u000a   balance DOUBLE, interestRate DOUBLE, customerID INT)
-- Autogenerated: do not edit this file\u000d\u000a\u000d\u000aCREATE TABLE BATCH_JOB_INSTANCE  (\u000d\u000a\u0009JOB_INSTANCE_ID BIGINT IDENTITY NOT NULL PRIMARY KEY ,\u000d\u000a\u0009VERSION BIGINT ,\u000d\u000a\u0009JOB_NAME VARCHAR(100) NOT NULL,\u000d\u000a\u0009JOB_KEY VARCHAR(32) NOT NULL,\u000d\u000a\u0009constraint JOB_INST_UN unique (JOB_NAME, JOB_KEY)\u000d\u000a) 
CREATE TABLE BATCH_JOB_EXECUTION  (\u000d\u000a\u0009JOB_EXECUTION_ID BIGINT IDENTITY NOT NULL PRIMARY KEY ,\u000d\u000a\u0009VERSION BIGINT  ,\u000d\u000a\u0009JOB_INSTANCE_ID BIGINT NOT NULL,\u000d\u000a\u0009CREATE_TIME TIMESTAMP NOT NULL,\u000d\u000a\u0009START_TIME TIMESTAMP DEFAULT NULL ,\u000d\u000a\u0009END_TIME TIMESTAMP DEFAULT NULL ,\u000d\u000a\u0009STATUS VARCHAR(10) ,\u000d\u000a\u0009EXIT_CODE VARCHAR(2500) ,\u000d\u000a\u0009EXIT_MESSAGE VARCHAR(2500) ,\u000d\u000a\u0009LAST_UPDATED TIMESTAMP,\u000d\u000a\u0009JOB_CONFIGURATION_LOCATION VARCHAR(2500) NULL,\u000d\u000a\u0009constraint JOB_INST_EXEC_FK foreign key (JOB_INSTANCE_ID)\u000d\u000a\u0009references BATCH_JOB_INSTANCE(JOB_INSTANCE_ID)\u000d\u000a) 
CREATE TABLE BATCH_JOB_EXECUTION_PARAMS  (\u000d\u000a\u0009JOB_EXECUTION_ID BIGINT NOT NULL ,\u000d\u000a\u0009TYPE_CD VARCHAR(6) NOT NULL ,\u000d\u000a\u0009KEY_NAME VARCHAR(100) NOT NULL ,\u000d\u000a\u0009STRING_VAL VARCHAR(250) ,\u000d\u000a\u0009DATE_VAL TIMESTAMP DEFAULT NULL ,\u000d\u000a\u0009LONG_VAL BIGINT ,\u000d\u000a\u0009DOUBLE_VAL DOUBLE PRECISION ,\u000d\u000a\u0009IDENTIFYING CHAR(1) NOT NULL ,\u000d\u000a\u0009constraint JOB_EXEC_PARAMS_FK foreign key (JOB_EXECUTION_ID)\u000d\u000a\u0009references BATCH_JOB_EXECUTION(JOB_EXECUTION_ID)\u000d\u000a) 
CREATE TABLE BATCH_STEP_EXECUTION  (\u000d\u000a\u0009STEP_EXECUTION_ID BIGINT IDENTITY NOT NULL PRIMARY KEY ,\u000d\u000a\u0009VERSION BIGINT NOT NULL,\u000d\u000a\u0009STEP_NAME VARCHAR(100) NOT NULL,\u000d\u000a\u0009JOB_EXECUTION_ID BIGINT NOT NULL,\u000d\u000a\u0009START_TIME TIMESTAMP NOT NULL ,\u000d\u000a\u0009END_TIME TIMESTAMP DEFAULT NULL ,\u000d\u000a\u0009STATUS VARCHAR(10) ,\u000d\u000a\u0009COMMIT_COUNT BIGINT ,\u000d\u000a\u0009READ_COUNT BIGINT ,\u000d\u000a\u0009FILTER_COUNT BIGINT ,\u000d\u000a\u0009WRITE_COUNT BIGINT ,\u000d\u000a\u0009READ_SKIP_COUNT BIGINT ,\u000d\u000a\u0009WRITE_SKIP_COUNT BIGINT ,\u000d\u000a\u0009PROCESS_SKIP_COUNT BIGINT ,\u000d\u000a\u0009ROLLBACK_COUNT BIGINT ,\u000d\u000a\u0009EXIT_CODE VARCHAR(2500) ,\u000d\u000a\u0009EXIT_MESSAGE VARCHAR(2500) ,\u000d\u000a\u0009LAST_UPDATED TIMESTAMP,\u000d\u000a\u0009constraint JOB_EXEC_STEP_FK foreign key (JOB_EXECUTION_ID)\u000d\u000a\u0009references BATCH_JOB_EXECUTION(JOB_EXECUTION_ID)\u000d\u000a) 
CREATE TABLE BATCH_STEP_EXECUTION_CONTEXT  (\u000d\u000a\u0009STEP_EXECUTION_ID BIGINT NOT NULL PRIMARY KEY,\u000d\u000a\u0009SHORT_CONTEXT VARCHAR(2500) NOT NULL,\u000d\u000a\u0009SERIALIZED_CONTEXT LONGVARCHAR ,\u000d\u000a\u0009constraint STEP_EXEC_CTX_FK foreign key (STEP_EXECUTION_ID)\u000d\u000a\u0009references BATCH_STEP_EXECUTION(STEP_EXECUTION_ID)\u000d\u000a) 
CREATE TABLE BATCH_JOB_EXECUTION_CONTEXT  (\u000d\u000a\u0009JOB_EXECUTION_ID BIGINT NOT NULL PRIMARY KEY,\u000d\u000a\u0009SHORT_CONTEXT VARCHAR(2500) NOT NULL,\u000d\u000a\u0009SERIALIZED_CONTEXT LONGVARCHAR ,\u000d\u000a\u0009constraint JOB_EXEC_CTX_FK foreign key (JOB_EXECUTION_ID)\u000d\u000a\u0009references BATCH_JOB_EXECUTION(JOB_EXECUTION_ID)\u000d\u000a) 
CREATE TABLE BATCH_STEP_EXECUTION_SEQ (\u000d\u000a\u0009ID BIGINT IDENTITY\u000d\u000a)
CREATE TABLE BATCH_JOB_EXECUTION_SEQ (\u000d\u000a\u0009ID BIGINT IDENTITY\u000d\u000a)
CREATE TABLE BATCH_JOB_SEQ (\u000d\u000a\u0009ID BIGINT IDENTITY\u000d\u000a)
/*C13*/SET SCHEMA PUBLIC
DISCONNECT
/*C14*/SET SCHEMA PUBLIC
INSERT INTO BATCH_JOB_SEQ VALUES(0)
INSERT INTO BATCH_JOB_INSTANCE VALUES(0,0,'job1','853d3449e311f40366811cbefb3d93d7')
INSERT INTO BATCH_JOB_EXECUTION_SEQ VALUES(0)
INSERT INTO BATCH_JOB_EXECUTION VALUES(0,0,0,'2017-01-30 17:50:34.638000',NULL,NULL,'STARTING','UNKNOWN','','2017-01-30 17:50:34.638000',NULL)
INSERT INTO BATCH_JOB_EXECUTION_PARAMS VALUES(0,'LONG','run.id','','1969-12-31 18:00:00.000000',1,0.0E0,'Y')
INSERT INTO BATCH_JOB_EXECUTION_CONTEXT VALUES(0,'{"map":[""]}',NULL)
COMMIT
DELETE FROM BATCH_JOB_EXECUTION WHERE JOB_EXECUTION_ID=0
INSERT INTO BATCH_JOB_EXECUTION VALUES(0,1,0,'2017-01-30 17:50:34.638000','2017-01-30 17:50:34.678000',NULL,'STARTED','UNKNOWN','','2017-01-30 17:50:34.679000',NULL)
COMMIT
INSERT INTO BATCH_STEP_EXECUTION_SEQ VALUES(0)
INSERT INTO BATCH_STEP_EXECUTION VALUES(0,0,'step1',0,'2017-01-30 17:50:34.737000',NULL,'STARTING',0,0,0,0,0,0,0,0,'EXECUTING','','2017-01-30 17:50:34.743000')
INSERT INTO BATCH_STEP_EXECUTION_CONTEXT VALUES(0,'{"map":[""]}',NULL)
COMMIT
DELETE FROM BATCH_STEP_EXECUTION WHERE STEP_EXECUTION_ID=0
INSERT INTO BATCH_STEP_EXECUTION VALUES(0,1,'step1',0,'2017-01-30 17:50:34.852000',NULL,'STARTED',0,0,0,0,0,0,0,0,'EXECUTING','','2017-01-30 17:50:34.853000')
COMMIT
DELETE FROM BATCH_STEP_EXECUTION_CONTEXT WHERE STEP_EXECUTION_ID=0
INSERT INTO BATCH_STEP_EXECUTION_CONTEXT VALUES(0,'{"map":[{"entry":[{"string":["batch.taskletType","org.springframework.batch.core.step.item.ChunkOrientedTasklet"]},{"string":"FlatFileItemReader.read.count","int":0},{"string":["batch.stepType","org.springframework.batch.core.step.tasklet.TaskletStep"]}]}]}',NULL)
COMMIT
INSERT INTO ACCOUNT VALUES(0,1000.0E0,0.03E0,1)
INSERT INTO ACCOUNT VALUES(1,2000.0E0,0.02E0,2)
INSERT INTO ACCOUNT VALUES(2,3000.0E0,0.04E0,0)
DELETE FROM BATCH_STEP_EXECUTION_CONTEXT WHERE STEP_EXECUTION_ID=0
INSERT INTO BATCH_STEP_EXECUTION_CONTEXT VALUES(0,'{"map":[{"entry":[{"string":["batch.taskletType","org.springframework.batch.core.step.item.ChunkOrientedTasklet"]},{"string":"FlatFileItemReader.read.count","int":3},{"string":["batch.stepType","org.springframework.batch.core.step.tasklet.TaskletStep"]}]}]}',NULL)
DELETE FROM BATCH_STEP_EXECUTION WHERE STEP_EXECUTION_ID=0
INSERT INTO BATCH_STEP_EXECUTION VALUES(0,2,'step1',0,'2017-01-30 17:50:34.852000',NULL,'STARTED',1,3,0,3,0,0,0,0,'EXECUTING','','2017-01-30 17:50:34.914000')
COMMIT
DELETE FROM BATCH_STEP_EXECUTION_CONTEXT WHERE STEP_EXECUTION_ID=0
INSERT INTO BATCH_STEP_EXECUTION_CONTEXT VALUES(0,'{"map":[{"entry":[{"string":["batch.taskletType","org.springframework.batch.core.step.item.ChunkOrientedTasklet"]},{"string":"FlatFileItemReader.read.count","int":4},{"string":["batch.stepType","org.springframework.batch.core.step.tasklet.TaskletStep"]}]}]}',NULL)
DELETE FROM BATCH_STEP_EXECUTION WHERE STEP_EXECUTION_ID=0
INSERT INTO BATCH_STEP_EXECUTION VALUES(0,3,'step1',0,'2017-01-30 17:50:34.852000',NULL,'STARTED',2,3,0,3,0,0,0,0,'EXECUTING','','2017-01-30 17:50:34.923000')
COMMIT
DELETE FROM BATCH_STEP_EXECUTION_CONTEXT WHERE STEP_EXECUTION_ID=0
INSERT INTO BATCH_STEP_EXECUTION_CONTEXT VALUES(0,'{"map":[{"entry":[{"string":["batch.taskletType","org.springframework.batch.core.step.item.ChunkOrientedTasklet"]},{"string":"FlatFileItemReader.read.count","int":4},{"string":["batch.stepType","org.springframework.batch.core.step.tasklet.TaskletStep"]}]}]}',NULL)
COMMIT
DELETE FROM BATCH_STEP_EXECUTION WHERE STEP_EXECUTION_ID=0
INSERT INTO BATCH_STEP_EXECUTION VALUES(0,4,'step1',0,'2017-01-30 17:50:34.852000','2017-01-30 17:50:34.934000','COMPLETED',2,3,0,3,0,0,0,0,'COMPLETED','','2017-01-30 17:50:34.935000')
COMMIT
DELETE FROM BATCH_JOB_EXECUTION_CONTEXT WHERE JOB_EXECUTION_ID=0
INSERT INTO BATCH_JOB_EXECUTION_CONTEXT VALUES(0,'{"map":[""]}',NULL)
COMMIT
DELETE FROM BATCH_JOB_EXECUTION WHERE JOB_EXECUTION_ID=0
INSERT INTO BATCH_JOB_EXECUTION VALUES(0,2,0,'2017-01-30 17:50:34.638000','2017-01-30 17:50:34.678000','2017-01-30 17:50:34.947000','COMPLETED','COMPLETED','','2017-01-30 17:50:34.950000',NULL)
COMMIT
DISCONNECT
/*C12*/DISCONNECT
